Using pre-set license
Built from '2021.1/release' branch; Version is '2021.1.4f1 (4cd64a618c1b) revision 5035594'; Using compiler version '192528614'; Build Type 'Release'
OS: 'Windows 10 Pro; OS build 19044.1586; Version 2009; 64bit' Language: 'en' Physical Memory: 16331 MB
BatchMode: 1, IsHumanControllingUs: 0, StartBugReporterOnCrash: 0, Is64bit: 1, IsPro: 0

 COMMAND LINE ARGUMENTS:
C:\Program Files\Unity\Hub\Editor\2021.1.4f1\Editor\Unity.exe
-adb2
-batchMode
-noUpm
-name
AssetImportWorker0
-projectPath
C:/Users/jonoj/Repositories/GameJams/WIP_LD50
-logFile
Logs/AssetImportWorker0.log
-srvPort
64780
Successfully changed project path to: C:/Users/jonoj/Repositories/GameJams/WIP_LD50
C:/Users/jonoj/Repositories/GameJams/WIP_LD50
Using Asset Import Pipeline V2.
Refreshing native plugins compatible for Editor in 176.40 ms, found 2 plugins.
Preloading 0 native plugins for Editor in 0.00 ms.
Initialize engine version: 2021.1.4f1 (4cd64a618c1b)
[Subsystems] Discovering subsystems at path C:/Program Files/Unity/Hub/Editor/2021.1.4f1/Editor/Data/Resources/UnitySubsystems
[Subsystems] Discovering subsystems at path C:/Users/jonoj/Repositories/GameJams/WIP_LD50/Assets
GfxDevice: creating device client; threaded=0; jobified=0
Direct3D:
    Version:  Direct3D 11.0 [level 11.1]
    Renderer: NVIDIA GeForce GTX 1080 (ID=0x1b80)
    Vendor:   NVIDIA
    VRAM:     8079 MB
    Driver:   30.0.14.7111
Initialize mono
Mono path[0] = 'C:/Program Files/Unity/Hub/Editor/2021.1.4f1/Editor/Data/Managed'
Mono path[1] = 'C:/Program Files/Unity/Hub/Editor/2021.1.4f1/Editor/Data/MonoBleedingEdge/lib/mono/unityjit'
Mono config path = 'C:/Program Files/Unity/Hub/Editor/2021.1.4f1/Editor/Data/MonoBleedingEdge/etc'
Using monoOptions --debugger-agent=transport=dt_socket,embedding=1,server=y,suspend=n,address=127.0.0.1:56868
Begin MonoManager ReloadAssembly
Registering precompiled unity dll's ...
Register platform support module: C:/Program Files/Unity/Hub/Editor/2021.1.4f1/Editor/Data/PlaybackEngines/WebGLSupport/UnityEditor.WebGL.Extensions.dll
Register platform support module: C:/Program Files/Unity/Hub/Editor/2021.1.4f1/Editor/Data/PlaybackEngines/MacStandaloneSupport/UnityEditor.OSXStandalone.Extensions.dll
Register platform support module: C:/Program Files/Unity/Hub/Editor/2021.1.4f1/Editor/Data/PlaybackEngines/WindowsStandaloneSupport/UnityEditor.WindowsStandalone.Extensions.dll
Registered in 0.252364 seconds.
Native extension for WindowsStandalone target not found
Native extension for OSXStandalone target not found
Native extension for WebGL target not found
Refreshing native plugins compatible for Editor in 100.19 ms, found 2 plugins.
Preloading 0 native plugins for Editor in 0.00 ms.
Mono: successfully reloaded assembly
- Completed reload, in  4.374 seconds
Platform modules already initialized, skipping
Registering precompiled user dll's ...
Registered in 0.210914 seconds.
Begin MonoManager ReloadAssembly
Native extension for WindowsStandalone target not found
Native extension for OSXStandalone target not found
Native extension for WebGL target not found
Refreshing native plugins compatible for Editor in 95.06 ms, found 2 plugins.
Preloading 0 native plugins for Editor in 0.00 ms.
Mono: successfully reloaded assembly
- Completed reload, in  3.436 seconds
Platform modules already initialized, skipping
========================================================================
Worker process is ready to serve import requests
Launched and connected shader compiler UnityShaderCompiler.exe after 0.04 seconds
Refreshing native plugins compatible for Editor in 0.67 ms, found 2 plugins.
Preloading 0 native plugins for Editor in 0.00 ms.
Unloading 3710 Unused Serialized files (Serialized files now loaded: 0)
System memory in use before: 165.1 MB.
System memory in use after: 165.2 MB.

Unloading 29 unused Assets to reduce memory usage. Loaded Objects now: 4195.
Total: 2.329000 ms (FindLiveObjects: 0.289700 ms CreateObjectMapping: 0.181800 ms MarkObjects: 1.731600 ms  DeleteObjects: 0.125000 ms)

========================================================================
Received Import Request.
  path: Assets/Prefabs/Bullet.prefab
  artifactKey: Guid(da52e32e7c7aa054b9af270ffa25575a) Importer(815301076,1909f56bfc062723c751e8b465ee728b)
Start importing Assets/Prefabs/Bullet.prefab using Guid(da52e32e7c7aa054b9af270ffa25575a) Importer(815301076,1909f56bfc062723c751e8b465ee728b)  -> (artifact id: 'e1d2429e70f193c1e003cd7e16739d5b') in 0.110867 seconds 
========================================================================
Received Import Request.
  Time since last request: 27.422679 seconds.
  path: Assets/Prefabs/Soldier.prefab
  artifactKey: Guid(bda0834a2bf57e5479ed1c4f18b43b50) Importer(815301076,1909f56bfc062723c751e8b465ee728b)
Start importing Assets/Prefabs/Soldier.prefab using Guid(bda0834a2bf57e5479ed1c4f18b43b50) Importer(815301076,1909f56bfc062723c751e8b465ee728b)  -> (artifact id: 'fe6ef544ca3ba1de19317070100c3d22') in 0.032031 seconds 
========================================================================
Received Import Request.
  Time since last request: 19.603604 seconds.
  path: Assets/audio/death.wav
  artifactKey: Guid(e3561492547696344a9759b747d94609) Importer(815301076,1909f56bfc062723c751e8b465ee728b)
Start importing Assets/audio/death.wav using Guid(e3561492547696344a9759b747d94609) Importer(815301076,1909f56bfc062723c751e8b465ee728b)  -> (artifact id: '94a48c0c87cd2ba64f214148f5c48c92') in 0.025784 seconds 
========================================================================
Received Import Request.
  Time since last request: 44.111808 seconds.
  path: Assets/audio/zombiedeath.wav
  artifactKey: Guid(09c9ad38677f8434fbcf04a5c4a0e5e6) Importer(815301076,1909f56bfc062723c751e8b465ee728b)
Start importing Assets/audio/zombiedeath.wav using Guid(09c9ad38677f8434fbcf04a5c4a0e5e6) Importer(815301076,1909f56bfc062723c751e8b465ee728b)  -> (artifact id: '8d1001bca2181c5be205a429edf96b48') in 0.012857 seconds 
========================================================================
Received Import Request.
  Time since last request: 159.688549 seconds.
  path: Assets/Scripts/SoldierController.cs
  artifactKey: Guid(5ba7dd09df72db549a574d466f4c0624) Importer(815301076,1909f56bfc062723c751e8b465ee728b)
Start importing Assets/Scripts/SoldierController.cs using Guid(5ba7dd09df72db549a574d466f4c0624) Importer(815301076,1909f56bfc062723c751e8b465ee728b)  -> (artifact id: '164aa93d7144e59be8ee40a6201cc63e') in 0.012676 seconds 
========================================================================
Received Prepare
Registering precompiled user dll's ...
Registered in 0.003816 seconds.
Begin MonoManager ReloadAssembly
Native extension for WindowsStandalone target not found
Native extension for OSXStandalone target not found
Native extension for WebGL target not found
Refreshing native plugins compatible for Editor in 0.62 ms, found 2 plugins.
Preloading 0 native plugins for Editor in 0.00 ms.
Mono: successfully reloaded assembly
- Completed reload, in  0.993 seconds
Platform modules already initialized, skipping
Refreshing native plugins compatible for Editor in 0.63 ms, found 2 plugins.
Preloading 0 native plugins for Editor in 0.00 ms.
Unloading 3663 Unused Serialized files (Serialized files now loaded: 0)
System memory in use before: 165.3 MB.
System memory in use after: 165.4 MB.

Unloading 19 unused Assets to reduce memory usage. Loaded Objects now: 4208.
Total: 2.706400 ms (FindLiveObjects: 0.283700 ms CreateObjectMapping: 0.195100 ms MarkObjects: 2.118800 ms  DeleteObjects: 0.108200 ms)

========================================================================
Received Prepare
Registering precompiled user dll's ...
Registered in 0.003861 seconds.
Begin MonoManager ReloadAssembly
Native extension for WindowsStandalone target not found
Native extension for OSXStandalone target not found
Native extension for WebGL target not found
Refreshing native plugins compatible for Editor in 0.62 ms, found 2 plugins.
Preloading 0 native plugins for Editor in 0.00 ms.
Mono: successfully reloaded assembly
- Completed reload, in  0.925 seconds
Platform modules already initialized, skipping
Refreshing native plugins compatible for Editor in 0.63 ms, found 2 plugins.
Preloading 0 native plugins for Editor in 0.00 ms.
Unloading 3663 Unused Serialized files (Serialized files now loaded: 0)
System memory in use before: 165.3 MB.
System memory in use after: 165.4 MB.

Unloading 18 unused Assets to reduce memory usage. Loaded Objects now: 4212.
Total: 2.463900 ms (FindLiveObjects: 0.253900 ms CreateObjectMapping: 0.175900 ms MarkObjects: 1.933000 ms  DeleteObjects: 0.100300 ms)

========================================================================
Received Prepare
Registering precompiled user dll's ...
Registered in 0.003815 seconds.
Begin MonoManager ReloadAssembly
Native extension for WindowsStandalone target not found
Native extension for OSXStandalone target not found
Native extension for WebGL target not found
Refreshing native plugins compatible for Editor in 0.98 ms, found 2 plugins.
Preloading 0 native plugins for Editor in 0.00 ms.
Mono: successfully reloaded assembly
- Completed reload, in  0.963 seconds
Platform modules already initialized, skipping
Refreshing native plugins compatible for Editor in 0.73 ms, found 2 plugins.
Preloading 0 native plugins for Editor in 0.00 ms.
Unloading 3663 Unused Serialized files (Serialized files now loaded: 0)
System memory in use before: 165.4 MB.
System memory in use after: 165.5 MB.

Unloading 18 unused Assets to reduce memory usage. Loaded Objects now: 4216.
Total: 2.525500 ms (FindLiveObjects: 0.272600 ms CreateObjectMapping: 0.203400 ms MarkObjects: 1.937400 ms  DeleteObjects: 0.110600 ms)

========================================================================
Received Prepare
Refreshing native plugins compatible for Editor in 2.89 ms, found 2 plugins.
Preloading 0 native plugins for Editor in 0.00 ms.
Unloading 16 Unused Serialized files (Serialized files now loaded: 0)
System memory in use before: 93.0 MB.
System memory in use after: 93.1 MB.

Unloading 16 unused Assets to reduce memory usage. Loaded Objects now: 4216.
Total: 2.955300 ms (FindLiveObjects: 0.250400 ms CreateObjectMapping: 0.169600 ms MarkObjects: 2.418400 ms  DeleteObjects: 0.116200 ms)

========================================================================
Received Import Request.
  Time since last request: 1282.239317 seconds.
  path: Assets/TextMesh Pro/Resources/Fonts & Materials/LiberationSans SDF.asset
  artifactKey: Guid(8f586378b4e144a9851e7b34d9b748ee) Importer(815301076,1909f56bfc062723c751e8b465ee728b)
Start importing Assets/TextMesh Pro/Resources/Fonts & Materials/LiberationSans SDF.asset using Guid(8f586378b4e144a9851e7b34d9b748ee) Importer(815301076,1909f56bfc062723c751e8b465ee728b)  -> (artifact id: '8eb5f3a5ba05a6f07500056213c1248e') in 0.202418 seconds 
========================================================================
Received Prepare
Registering precompiled user dll's ...
Registered in 0.003832 seconds.
Begin MonoManager ReloadAssembly
Native extension for WindowsStandalone target not found
Native extension for OSXStandalone target not found
Native extension for WebGL target not found
Refreshing native plugins compatible for Editor in 0.69 ms, found 2 plugins.
Preloading 0 native plugins for Editor in 0.00 ms.
Mono: successfully reloaded assembly
- Completed reload, in  1.019 seconds
Platform modules already initialized, skipping
Refreshing native plugins compatible for Editor in 0.68 ms, found 2 plugins.
Preloading 0 native plugins for Editor in 0.00 ms.
Unloading 3664 Unused Serialized files (Serialized files now loaded: 0)
System memory in use before: 167.1 MB.
System memory in use after: 167.2 MB.

Unloading 18 unused Assets to reduce memory usage. Loaded Objects now: 4271.
Total: 2.462500 ms (FindLiveObjects: 0.274800 ms CreateObjectMapping: 0.173400 ms MarkObjects: 1.904200 ms  DeleteObjects: 0.109400 ms)

========================================================================
Received Prepare
Registering precompiled user dll's ...
Registered in 0.004075 seconds.
Begin MonoManager ReloadAssembly
Native extension for WindowsStandalone target not found
Native extension for OSXStandalone target not found
Native extension for WebGL target not found
Refreshing native plugins compatible for Editor in 0.64 ms, found 2 plugins.
Preloading 0 native plugins for Editor in 0.00 ms.
Mono: successfully reloaded assembly
- Completed reload, in  0.939 seconds
Platform modules already initialized, skipping
Refreshing native plugins compatible for Editor in 0.63 ms, found 2 plugins.
Preloading 0 native plugins for Editor in 0.00 ms.
Unloading 3663 Unused Serialized files (Serialized files now loaded: 0)
System memory in use before: 167.1 MB.
System memory in use after: 167.2 MB.

Unloading 18 unused Assets to reduce memory usage. Loaded Objects now: 4275.
Total: 2.681300 ms (FindLiveObjects: 0.270500 ms CreateObjectMapping: 0.163600 ms MarkObjects: 2.135700 ms  DeleteObjects: 0.110600 ms)

========================================================================
Received Prepare
Refreshing native plugins compatible for Editor in 2.89 ms, found 2 plugins.
Preloading 0 native plugins for Editor in 0.00 ms.
Unloading 16 Unused Serialized files (Serialized files now loaded: 0)
System memory in use before: 94.8 MB.
System memory in use after: 94.9 MB.

Unloading 16 unused Assets to reduce memory usage. Loaded Objects now: 4275.
Total: 2.469700 ms (FindLiveObjects: 0.254700 ms CreateObjectMapping: 0.176400 ms MarkObjects: 1.938300 ms  DeleteObjects: 0.099800 ms)

AssetImportWorkerClient::OnTransportError - code=2 error=End of file
